  music.c
c:\users\edgar\desktop\cpts122\pas\pa3temp\pa3temp\music.c(25): warning C4996: 'strcpy': This function or variable may be unsafe. Consider using strcpy_s instead. To disable deprecation, use _CRT_SECURE_NO_WARNINGS. See online help for details.
  c:\program files (x86)\windows kits\10\include\10.0.10240.0\ucrt\string.h(119): note: see declaration of 'strcpy'
c:\users\edgar\desktop\cpts122\pas\pa3temp\pa3temp\music.c(26): warning C4996: 'strcpy': This function or variable may be unsafe. Consider using strcpy_s instead. To disable deprecation, use _CRT_SECURE_NO_WARNINGS. See online help for details.
  c:\program files (x86)\windows kits\10\include\10.0.10240.0\ucrt\string.h(119): note: see declaration of 'strcpy'
c:\users\edgar\desktop\cpts122\pas\pa3temp\pa3temp\music.c(27): warning C4996: 'strcpy': This function or variable may be unsafe. Consider using strcpy_s instead. To disable deprecation, use _CRT_SECURE_NO_WARNINGS. See online help for details.
  c:\program files (x86)\windows kits\10\include\10.0.10240.0\ucrt\string.h(119): note: see declaration of 'strcpy'
c:\users\edgar\desktop\cpts122\pas\pa3temp\pa3temp\music.c(28): warning C4996: 'strcpy': This function or variable may be unsafe. Consider using strcpy_s instead. To disable deprecation, use _CRT_SECURE_NO_WARNINGS. See online help for details.
  c:\program files (x86)\windows kits\10\include\10.0.10240.0\ucrt\string.h(119): note: see declaration of 'strcpy'
c:\users\edgar\desktop\cpts122\pas\pa3temp\pa3temp\music.c(93): warning C4996: 'fopen': This function or variable may be unsafe. Consider using fopen_s instead. To disable deprecation, use _CRT_SECURE_NO_WARNINGS. See online help for details.
  c:\program files (x86)\windows kits\10\include\10.0.10240.0\ucrt\stdio.h(205): note: see declaration of 'fopen'
c:\users\edgar\desktop\cpts122\pas\pa3temp\pa3temp\music.c(108): warning C4996: 'strtok': This function or variable may be unsafe. Consider using strtok_s instead. To disable deprecation, use _CRT_SECURE_NO_WARNINGS. See online help for details.
  c:\program files (x86)\windows kits\10\include\10.0.10240.0\ucrt\string.h(453): note: see declaration of 'strtok'
c:\users\edgar\desktop\cpts122\pas\pa3temp\pa3temp\music.c(110): warning C4996: 'strcpy': This function or variable may be unsafe. Consider using strcpy_s instead. To disable deprecation, use _CRT_SECURE_NO_WARNINGS. See online help for details.
  c:\program files (x86)\windows kits\10\include\10.0.10240.0\ucrt\string.h(119): note: see declaration of 'strcpy'
c:\users\edgar\desktop\cpts122\pas\pa3temp\pa3temp\music.c(112): warning C4996: 'strtok': This function or variable may be unsafe. Consider using strtok_s instead. To disable deprecation, use _CRT_SECURE_NO_WARNINGS. See online help for details.
  c:\program files (x86)\windows kits\10\include\10.0.10240.0\ucrt\string.h(453): note: see declaration of 'strtok'
c:\users\edgar\desktop\cpts122\pas\pa3temp\pa3temp\music.c(113): warning C4996: 'strcpy': This function or variable may be unsafe. Consider using strcpy_s instead. To disable deprecation, use _CRT_SECURE_NO_WARNINGS. See online help for details.
  c:\program files (x86)\windows kits\10\include\10.0.10240.0\ucrt\string.h(119): note: see declaration of 'strcpy'
c:\users\edgar\desktop\cpts122\pas\pa3temp\pa3temp\music.c(116): warning C4996: 'strtok': This function or variable may be unsafe. Consider using strtok_s instead. To disable deprecation, use _CRT_SECURE_NO_WARNINGS. See online help for details.
  c:\program files (x86)\windows kits\10\include\10.0.10240.0\ucrt\string.h(453): note: see declaration of 'strtok'
c:\users\edgar\desktop\cpts122\pas\pa3temp\pa3temp\music.c(117): warning C4996: 'strcpy': This function or variable may be unsafe. Consider using strcpy_s instead. To disable deprecation, use _CRT_SECURE_NO_WARNINGS. See online help for details.
  c:\program files (x86)\windows kits\10\include\10.0.10240.0\ucrt\string.h(119): note: see declaration of 'strcpy'
c:\users\edgar\desktop\cpts122\pas\pa3temp\pa3temp\music.c(119): warning C4996: 'strtok': This function or variable may be unsafe. Consider using strtok_s instead. To disable deprecation, use _CRT_SECURE_NO_WARNINGS. See online help for details.
  c:\program files (x86)\windows kits\10\include\10.0.10240.0\ucrt\string.h(453): note: see declaration of 'strtok'
c:\users\edgar\desktop\cpts122\pas\pa3temp\pa3temp\music.c(120): warning C4996: 'strcpy': This function or variable may be unsafe. Consider using strcpy_s instead. To disable deprecation, use _CRT_SECURE_NO_WARNINGS. See online help for details.
  c:\program files (x86)\windows kits\10\include\10.0.10240.0\ucrt\string.h(119): note: see declaration of 'strcpy'
c:\users\edgar\desktop\cpts122\pas\pa3temp\pa3temp\music.c(122): warning C4996: 'strtok': This function or variable may be unsafe. Consider using strtok_s instead. To disable deprecation, use _CRT_SECURE_NO_WARNINGS. See online help for details.
  c:\program files (x86)\windows kits\10\include\10.0.10240.0\ucrt\string.h(453): note: see declaration of 'strtok'
c:\users\edgar\desktop\cpts122\pas\pa3temp\pa3temp\music.c(125): warning C4996: 'strtok': This function or variable may be unsafe. Consider using strtok_s instead. To disable deprecation, use _CRT_SECURE_NO_WARNINGS. See online help for details.
  c:\program files (x86)\windows kits\10\include\10.0.10240.0\ucrt\string.h(453): note: see declaration of 'strtok'
c:\users\edgar\desktop\cpts122\pas\pa3temp\pa3temp\music.c(128): warning C4996: 'strtok': This function or variable may be unsafe. Consider using strtok_s instead. To disable deprecation, use _CRT_SECURE_NO_WARNINGS. See online help for details.
  c:\program files (x86)\windows kits\10\include\10.0.10240.0\ucrt\string.h(453): note: see declaration of 'strtok'
c:\users\edgar\desktop\cpts122\pas\pa3temp\pa3temp\music.c(131): warning C4996: 'strtok': This function or variable may be unsafe. Consider using strtok_s instead. To disable deprecation, use _CRT_SECURE_NO_WARNINGS. See online help for details.
  c:\program files (x86)\windows kits\10\include\10.0.10240.0\ucrt\string.h(453): note: see declaration of 'strtok'
c:\users\edgar\desktop\cpts122\pas\pa3temp\pa3temp\music.c(165): warning C4996: 'fopen': This function or variable may be unsafe. Consider using fopen_s instead. To disable deprecation, use _CRT_SECURE_NO_WARNINGS. See online help for details.
  c:\program files (x86)\windows kits\10\include\10.0.10240.0\ucrt\stdio.h(205): note: see declaration of 'fopen'
c:\users\edgar\desktop\cpts122\pas\pa3temp\pa3temp\music.c(275): warning C4996: 'scanf': This function or variable may be unsafe. Consider using scanf_s instead. To disable deprecation, use _CRT_SECURE_NO_WARNINGS. See online help for details.
  c:\program files (x86)\windows kits\10\include\10.0.10240.0\ucrt\stdio.h(1270): note: see declaration of 'scanf'
c:\users\edgar\desktop\cpts122\pas\pa3temp\pa3temp\music.c(276): warning C4996: 'strcpy': This function or variable may be unsafe. Consider using strcpy_s instead. To disable deprecation, use _CRT_SECURE_NO_WARNINGS. See online help for details.
  c:\program files (x86)\windows kits\10\include\10.0.10240.0\ucrt\string.h(119): note: see declaration of 'strcpy'
c:\users\edgar\desktop\cpts122\pas\pa3temp\pa3temp\music.c(279): warning C4996: 'scanf': This function or variable may be unsafe. Consider using scanf_s instead. To disable deprecation, use _CRT_SECURE_NO_WARNINGS. See online help for details.
  c:\program files (x86)\windows kits\10\include\10.0.10240.0\ucrt\stdio.h(1270): note: see declaration of 'scanf'
c:\users\edgar\desktop\cpts122\pas\pa3temp\pa3temp\music.c(280): warning C4996: 'strcpy': This function or variable may be unsafe. Consider using strcpy_s instead. To disable deprecation, use _CRT_SECURE_NO_WARNINGS. See online help for details.
  c:\program files (x86)\windows kits\10\include\10.0.10240.0\ucrt\string.h(119): note: see declaration of 'strcpy'
c:\users\edgar\desktop\cpts122\pas\pa3temp\pa3temp\music.c(284): warning C4996: 'scanf': This function or variable may be unsafe. Consider using scanf_s instead. To disable deprecation, use _CRT_SECURE_NO_WARNINGS. See online help for details.
  c:\program files (x86)\windows kits\10\include\10.0.10240.0\ucrt\stdio.h(1270): note: see declaration of 'scanf'
c:\users\edgar\desktop\cpts122\pas\pa3temp\pa3temp\music.c(285): warning C4996: 'strcpy': This function or variable may be unsafe. Consider using strcpy_s instead. To disable deprecation, use _CRT_SECURE_NO_WARNINGS. See online help for details.
  c:\program files (x86)\windows kits\10\include\10.0.10240.0\ucrt\string.h(119): note: see declaration of 'strcpy'
c:\users\edgar\desktop\cpts122\pas\pa3temp\pa3temp\music.c(289): warning C4996: 'scanf': This function or variable may be unsafe. Consider using scanf_s instead. To disable deprecation, use _CRT_SECURE_NO_WARNINGS. See online help for details.
  c:\program files (x86)\windows kits\10\include\10.0.10240.0\ucrt\stdio.h(1270): note: see declaration of 'scanf'
c:\users\edgar\desktop\cpts122\pas\pa3temp\pa3temp\music.c(290): warning C4996: 'strcpy': This function or variable may be unsafe. Consider using strcpy_s instead. To disable deprecation, use _CRT_SECURE_NO_WARNINGS. See online help for details.
  c:\program files (x86)\windows kits\10\include\10.0.10240.0\ucrt\string.h(119): note: see declaration of 'strcpy'
c:\users\edgar\desktop\cpts122\pas\pa3temp\pa3temp\music.c(293): warning C4996: 'scanf': This function or variable may be unsafe. Consider using scanf_s instead. To disable deprecation, use _CRT_SECURE_NO_WARNINGS. See online help for details.
  c:\program files (x86)\windows kits\10\include\10.0.10240.0\ucrt\stdio.h(1270): note: see declaration of 'scanf'
c:\users\edgar\desktop\cpts122\pas\pa3temp\pa3temp\music.c(297): warning C4996: 'scanf': This function or variable may be unsafe. Consider using scanf_s instead. To disable deprecation, use _CRT_SECURE_NO_WARNINGS. See online help for details.
  c:\program files (x86)\windows kits\10\include\10.0.10240.0\ucrt\stdio.h(1270): note: see declaration of 'scanf'
c:\users\edgar\desktop\cpts122\pas\pa3temp\pa3temp\music.c(301): warning C4996: 'scanf': This function or variable may be unsafe. Consider using scanf_s instead. To disable deprecation, use _CRT_SECURE_NO_WARNINGS. See online help for details.
  c:\program files (x86)\windows kits\10\include\10.0.10240.0\ucrt\stdio.h(1270): note: see declaration of 'scanf'
c:\users\edgar\desktop\cpts122\pas\pa3temp\pa3temp\music.c(305): warning C4996: 'scanf': This function or variable may be unsafe. Consider using scanf_s instead. To disable deprecation, use _CRT_SECURE_NO_WARNINGS. See online help for details.
  c:\program files (x86)\windows kits\10\include\10.0.10240.0\ucrt\stdio.h(1270): note: see declaration of 'scanf'
c:\users\edgar\desktop\cpts122\pas\pa3temp\pa3temp\music.c(335): warning C4996: 'scanf': This function or variable may be unsafe. Consider using scanf_s instead. To disable deprecation, use _CRT_SECURE_NO_WARNINGS. See online help for details.
  c:\program files (x86)\windows kits\10\include\10.0.10240.0\ucrt\stdio.h(1270): note: see declaration of 'scanf'
c:\users\edgar\desktop\cpts122\pas\pa3temp\pa3temp\music.c(386): warning C4996: 'scanf': This function or variable may be unsafe. Consider using scanf_s instead. To disable deprecation, use _CRT_SECURE_NO_WARNINGS. See online help for details.
  c:\program files (x86)\windows kits\10\include\10.0.10240.0\ucrt\stdio.h(1270): note: see declaration of 'scanf'
c:\users\edgar\desktop\cpts122\pas\pa3temp\pa3temp\music.c(401): warning C4996: 'scanf': This function or variable may be unsafe. Consider using scanf_s instead. To disable deprecation, use _CRT_SECURE_NO_WARNINGS. See online help for details.
  c:\program files (x86)\windows kits\10\include\10.0.10240.0\ucrt\stdio.h(1270): note: see declaration of 'scanf'
c:\users\edgar\desktop\cpts122\pas\pa3temp\pa3temp\music.c(410): warning C4996: 'scanf': This function or variable may be unsafe. Consider using scanf_s instead. To disable deprecation, use _CRT_SECURE_NO_WARNINGS. See online help for details.
  c:\program files (x86)\windows kits\10\include\10.0.10240.0\ucrt\stdio.h(1270): note: see declaration of 'scanf'
c:\users\edgar\desktop\cpts122\pas\pa3temp\pa3temp\music.c(411): warning C4996: 'strcpy': This function or variable may be unsafe. Consider using strcpy_s instead. To disable deprecation, use _CRT_SECURE_NO_WARNINGS. See online help for details.
  c:\program files (x86)\windows kits\10\include\10.0.10240.0\ucrt\string.h(119): note: see declaration of 'strcpy'
c:\users\edgar\desktop\cpts122\pas\pa3temp\pa3temp\music.c(415): warning C4996: 'scanf': This function or variable may be unsafe. Consider using scanf_s instead. To disable deprecation, use _CRT_SECURE_NO_WARNINGS. See online help for details.
  c:\program files (x86)\windows kits\10\include\10.0.10240.0\ucrt\stdio.h(1270): note: see declaration of 'scanf'
c:\users\edgar\desktop\cpts122\pas\pa3temp\pa3temp\music.c(416): warning C4996: 'strcpy': This function or variable may be unsafe. Consider using strcpy_s instead. To disable deprecation, use _CRT_SECURE_NO_WARNINGS. See online help for details.
  c:\program files (x86)\windows kits\10\include\10.0.10240.0\ucrt\string.h(119): note: see declaration of 'strcpy'
c:\users\edgar\desktop\cpts122\pas\pa3temp\pa3temp\music.c(420): warning C4996: 'scanf': This function or variable may be unsafe. Consider using scanf_s instead. To disable deprecation, use _CRT_SECURE_NO_WARNINGS. See online help for details.
  c:\program files (x86)\windows kits\10\include\10.0.10240.0\ucrt\stdio.h(1270): note: see declaration of 'scanf'
c:\users\edgar\desktop\cpts122\pas\pa3temp\pa3temp\music.c(421): warning C4996: 'strcpy': This function or variable may be unsafe. Consider using strcpy_s instead. To disable deprecation, use _CRT_SECURE_NO_WARNINGS. See online help for details.
  c:\program files (x86)\windows kits\10\include\10.0.10240.0\ucrt\string.h(119): note: see declaration of 'strcpy'
c:\users\edgar\desktop\cpts122\pas\pa3temp\pa3temp\music.c(425): warning C4996: 'scanf': This function or variable may be unsafe. Consider using scanf_s instead. To disable deprecation, use _CRT_SECURE_NO_WARNINGS. See online help for details.
  c:\program files (x86)\windows kits\10\include\10.0.10240.0\ucrt\stdio.h(1270): note: see declaration of 'scanf'
c:\users\edgar\desktop\cpts122\pas\pa3temp\pa3temp\music.c(426): warning C4996: 'strcpy': This function or variable may be unsafe. Consider using strcpy_s instead. To disable deprecation, use _CRT_SECURE_NO_WARNINGS. See online help for details.
  c:\program files (x86)\windows kits\10\include\10.0.10240.0\ucrt\string.h(119): note: see declaration of 'strcpy'
c:\users\edgar\desktop\cpts122\pas\pa3temp\pa3temp\music.c(430): warning C4996: 'scanf': This function or variable may be unsafe. Consider using scanf_s instead. To disable deprecation, use _CRT_SECURE_NO_WARNINGS. See online help for details.
  c:\program files (x86)\windows kits\10\include\10.0.10240.0\ucrt\stdio.h(1270): note: see declaration of 'scanf'
c:\users\edgar\desktop\cpts122\pas\pa3temp\pa3temp\music.c(435): warning C4996: 'scanf': This function or variable may be unsafe. Consider using scanf_s instead. To disable deprecation, use _CRT_SECURE_NO_WARNINGS. See online help for details.
  c:\program files (x86)\windows kits\10\include\10.0.10240.0\ucrt\stdio.h(1270): note: see declaration of 'scanf'
c:\users\edgar\desktop\cpts122\pas\pa3temp\pa3temp\music.c(440): warning C4996: 'scanf': This function or variable may be unsafe. Consider using scanf_s instead. To disable deprecation, use _CRT_SECURE_NO_WARNINGS. See online help for details.
  c:\program files (x86)\windows kits\10\include\10.0.10240.0\ucrt\stdio.h(1270): note: see declaration of 'scanf'
c:\users\edgar\desktop\cpts122\pas\pa3temp\pa3temp\music.c(445): warning C4996: 'scanf': This function or variable may be unsafe. Consider using scanf_s instead. To disable deprecation, use _CRT_SECURE_NO_WARNINGS. See online help for details.
  c:\program files (x86)\windows kits\10\include\10.0.10240.0\ucrt\stdio.h(1270): note: see declaration of 'scanf'
c:\users\edgar\desktop\cpts122\pas\pa3temp\pa3temp\music.c(475): warning C4047: 'function': 'Node **' differs in levels of indirection from 'Node ***'
c:\users\edgar\desktop\cpts122\pas\pa3temp\pa3temp\music.c(475): warning C4024: 'sortByArtist': different types for formal and actual parameter 1
c:\users\edgar\desktop\cpts122\pas\pa3temp\pa3temp\music.c(478): warning C4047: 'function': 'Node **' differs in levels of indirection from 'Node ***'
c:\users\edgar\desktop\cpts122\pas\pa3temp\pa3temp\music.c(478): warning C4024: 'sortByAlbumTitle': different types for formal and actual parameter 1
c:\users\edgar\desktop\cpts122\pas\pa3temp\pa3temp\music.c(481): warning C4047: 'function': 'Node **' differs in levels of indirection from 'Node ***'
c:\users\edgar\desktop\cpts122\pas\pa3temp\pa3temp\music.c(481): warning C4024: 'sortByRating': different types for formal and actual parameter 1
c:\users\edgar\desktop\cpts122\pas\pa3temp\pa3temp\music.c(484): warning C4047: 'function': 'Node **' differs in levels of indirection from 'Node ***'
c:\users\edgar\desktop\cpts122\pas\pa3temp\pa3temp\music.c(484): warning C4024: 'sortByTimesPlayed': different types for formal and actual parameter 1
c:\users\edgar\desktop\cpts122\pas\pa3temp\pa3temp\music.c(748): warning C4013: 'gets' undefined; assuming extern returning int
c:\users\edgar\desktop\cpts122\pas\pa3temp\pa3temp\music.c(764): warning C4996: 'scanf': This function or variable may be unsafe. Consider using scanf_s instead. To disable deprecation, use _CRT_SECURE_NO_WARNINGS. See online help for details.
  c:\program files (x86)\windows kits\10\include\10.0.10240.0\ucrt\stdio.h(1270): note: see declaration of 'scanf'
c:\users\edgar\desktop\cpts122\pas\pa3temp\pa3temp\music.c(795): warning C4996: 'scanf': This function or variable may be unsafe. Consider using scanf_s instead. To disable deprecation, use _CRT_SECURE_NO_WARNINGS. See online help for details.
  c:\program files (x86)\windows kits\10\include\10.0.10240.0\ucrt\stdio.h(1270): note: see declaration of 'scanf'
  main.c
c:\users\edgar\desktop\cpts122\pas\pa3temp\pa3temp\main.c(38): warning C4996: 'scanf': This function or variable may be unsafe. Consider using scanf_s instead. To disable deprecation, use _CRT_SECURE_NO_WARNINGS. See online help for details.
  c:\program files (x86)\windows kits\10\include\10.0.10240.0\ucrt\stdio.h(1270): note: see declaration of 'scanf'
  Generating Code...
c:\users\edgar\desktop\cpts122\pas\pa3temp\pa3temp\music.c(488): warning C4716: 'sortSongs': must return a value
c:\users\edgar\desktop\cpts122\pas\pa3temp\pa3temp\music.c(549): warning C4716: 'sortByArtist': must return a value
c:\users\edgar\desktop\cpts122\pas\pa3temp\pa3temp\music.c(610): warning C4716: 'sortByAlbumTitle': must return a value
c:\users\edgar\desktop\cpts122\pas\pa3temp\pa3temp\music.c(670): warning C4716: 'sortByRating': must return a value
c:\users\edgar\desktop\cpts122\pas\pa3temp\pa3temp\music.c(728): warning C4716: 'sortByTimesPlayed': must return a value
c:\users\edgar\desktop\cpts122\pas\pa3temp\pa3temp\music.c(579): warning C4700: uninitialized local variable 'songRecord' used
c:\users\edgar\desktop\cpts122\pas\pa3temp\pa3temp\music.c(698): warning C4700: uninitialized local variable 'songRecord' used
c:\users\edgar\desktop\cpts122\pas\pa3temp\pa3temp\music.c(518): warning C4700: uninitialized local variable 'songRecord' used
c:\users\edgar\desktop\cpts122\pas\pa3temp\pa3temp\music.c(639): warning C4700: uninitialized local variable 'songRecord' used
c:\users\edgar\desktop\cpts122\pas\pa3temp\pa3temp\music.c(908): warning C4716: 'shuffleSongs': must return a value
  pa3Temp.vcxproj -> C:\Users\Edgar\Desktop\cpts122\PAs\pa3Temp\Debug\pa3Temp.exe
  pa3Temp.vcxproj -> C:\Users\Edgar\Desktop\cpts122\PAs\pa3Temp\Debug\pa3Temp.pdb (Full PDB)
